????-??-?? ??:??:??,??? [Worker-5: Loading available Gradle versions] INFO  o.e.b.c.i.u.g.PublishedGradleVersions - Gradle version information cache is out-of-date. Trying to update.
????-??-?? ??:??:??,??? [Worker-5: Loading available Gradle versions] INFO  o.e.b.c.i.u.g.PublishedGradleVersions - Updating Gradle version information cache failed. Using outdated cache.
????-??-?? ??:??:??,??? [Worker-19: http://download.eclipse.org/usssdk/updates/release/latest/compositeContent.jar] INFO  o.a.h.c.h.i.c.HttpRequestRetryExec - Recoverable I/O exception (org.apache.hc.core5.http.NoHttpResponseException) caught when processing request to {}->http://download.eclipse.org:80
????-??-?? ??:??:??,??? [Worker-18: http://download.eclipse.org/usssdk/updates/release/latest/compositeContent.xml] INFO  o.a.h.c.h.i.c.HttpRequestRetryExec - Recoverable I/O exception (org.apache.hc.core5.http.NoHttpResponseException) caught when processing request to {}->http://download.eclipse.org:80
????-??-?? ??:??:??,??? [Worker-14: http://download.eclipse.org/usssdk/updates/release/latest/compositeArtifacts.jar] INFO  o.a.h.c.h.i.c.HttpRequestRetryExec - Recoverable I/O exception (org.apache.hc.core5.http.NoHttpResponseException) caught when processing request to {}->http://download.eclipse.org:80
????-??-?? ??:??:??,??? [Worker-4: http://download.eclipse.org/usssdk/updates/release/latest/artifacts.jar] INFO  o.a.h.c.h.i.c.HttpRequestRetryExec - Recoverable I/O exception (org.apache.hc.core5.http.NoHttpResponseException) caught when processing request to {}->http://download.eclipse.org:80
????-??-?? ??:??:??,??? [Worker-10: http://download.eclipse.org/usssdk/updates/release/latest/artifacts.xml] INFO  o.a.h.c.h.i.c.HttpRequestRetryExec - Recoverable I/O exception (org.apache.hc.core5.http.NoHttpResponseException) caught when processing request to {}->http://download.eclipse.org:80
????-??-?? ??:??:??,??? [Worker-13: http://download.eclipse.org/usssdk/updates/release/latest/artifacts.xml.xz] INFO  o.a.h.c.h.i.c.HttpRequestRetryExec - Recoverable I/O exception (org.apache.hc.core5.http.NoHttpResponseException) caught when processing request to {}->http://download.eclipse.org:80
????-??-?? ??:??:??,??? [Worker-10: http://download.eclipse.org/usssdk/updates/release/latest/site.xml] INFO  o.a.h.c.h.i.c.HttpRequestRetryExec - Recoverable I/O exception (org.apache.hc.core5.http.MessageConstraintException) caught when processing request to {}->http://download.eclipse.org:80
????-??-?? ??:??:??,??? [Worker-3: http://download.eclipse.org/usssdk/updates/release/latest/site.xml] INFO  o.a.h.c.h.i.c.HttpRequestRetryExec - Recoverable I/O exception (org.apache.hc.core5.http.MessageConstraintException) caught when processing request to {}->http://download.eclipse.org:80
????-??-?? ??:??:??,??? [Worker-11: Importing Maven projects] INFO  o.e.m.c.i.l.LifecycleMappingFactory - Using org.eclipse.m2e.jdt.JarLifecycleMapping lifecycle mapping for MavenProject: com.BikkadIT:Autowirringmodes:0.0.1-SNAPSHOT @ C:\Users\pankaj\Desktop\BikkadIT__06 Java Development\SpringBoot WorkSpace\Autowirringmodes\pom.xml.
????-??-?? ??:??:??,??? [Worker-11: Importing Maven projects] INFO  o.e.m.c.i.l.LifecycleMappingFactory - Using org.eclipse.m2e.jdt.JarLifecycleMapping lifecycle mapping for MavenProject: com.BikkadIT:AutowirringmodesByType:0.0.1-SNAPSHOT @ C:\Users\pankaj\Desktop\BikkadIT__06 Java Development\SpringBoot WorkSpace\AutowirringmodesByType\pom.xml.
????-??-?? ??:??:??,??? [Worker-11: Importing Maven projects] INFO  o.e.m.c.i.l.LifecycleMappingFactory - Using org.eclipse.m2e.jdt.JarLifecycleMapping lifecycle mapping for MavenProject: com.BikkadIT:AutowritingDemo:0.0.1-SNAPSHOT @ C:\Users\pankaj\Desktop\BikkadIT__06 Java Development\SpringBoot WorkSpace\AutowritingDemo\pom.xml.
????-??-?? ??:??:??,??? [Worker-11: Importing Maven projects] INFO  o.e.m.c.i.l.LifecycleMappingFactory - Using org.eclipse.m2e.jdt.JarLifecycleMapping lifecycle mapping for MavenProject: com.BikkadIT:AutowritingDI:0.0.1-SNAPSHOT @ C:\Users\pankaj\Desktop\BikkadIT__06 Java Development\SpringBoot WorkSpace\AutowritingDI\pom.xml.
????-??-?? ??:??:??,??? [Worker-11: Importing Maven projects] INFO  o.e.m.c.i.l.LifecycleMappingFactory - Using org.eclipse.m2e.jdt.JarLifecycleMapping lifecycle mapping for MavenProject: com.BikkadIT.DI:SpringBootAppDemo1:0.0.1-SNAPSHOT @ C:\Users\pankaj\Desktop\BikkadIT__06 Java Development\SpringBoot WorkSpace\SpringBootAppDemo1\pom.xml.
????-??-?? ??:??:??,??? [Worker-11: Importing Maven projects] INFO  o.e.m.c.i.l.LifecycleMappingFactory - Using org.eclipse.m2e.jdt.JarLifecycleMapping lifecycle mapping for MavenProject: com.BikkadIT:springbootBeans:0.0.1-SNAPSHOT @ C:\Users\pankaj\Desktop\BikkadIT__06 Java Development\SpringBoot WorkSpace\springbootBeans\pom.xml.
????-??-?? ??:??:??,??? [Worker-11: Importing Maven projects] INFO  o.e.m.c.i.l.LifecycleMappingFactory - Using org.eclipse.m2e.jdt.JarLifecycleMapping lifecycle mapping for MavenProject: com.BikkadIT:springbootBeans1:0.0.1-SNAPSHOT @ C:\Users\pankaj\Desktop\BikkadIT__06 Java Development\SpringBoot WorkSpace\springbootBeans1\pom.xml.
????-??-?? ??:??:??,??? [Worker-11: Importing Maven projects] INFO  o.e.m.c.i.l.LifecycleMappingFactory - Using org.eclipse.m2e.jdt.JarLifecycleMapping lifecycle mapping for MavenProject: com.BikkadIT:SpringBootFirstAppUsingWeb:0.0.1-SNAPSHOT @ C:\Users\pankaj\Desktop\BikkadIT__06 Java Development\SpringBoot WorkSpace\SpringBootFirstAppUsingWeb\pom.xml.
????-??-?? ??:??:??,??? [Worker-11: Importing Maven projects] INFO  o.e.m.c.i.l.LifecycleMappingFactory - Using org.eclipse.m2e.jdt.JarLifecycleMapping lifecycle mapping for MavenProject: com.BikkasdIT:SpringBootFourthAppUsingWeb:0.0.1-SNAPSHOT @ C:\Users\pankaj\Desktop\BikkadIT__06 Java Development\SpringBoot WorkSpace\SpringBootFourthAppUsingWeb\pom.xml.
????-??-?? ??:??:??,??? [Worker-11: Importing Maven projects] INFO  o.e.m.c.i.l.LifecycleMappingFactory - Using org.eclipse.m2e.jdt.JarLifecycleMapping lifecycle mapping for MavenProject: com.BikkadIT:SpringBootSecondAppUsingWeb:0.0.1-SNAPSHOT @ C:\Users\pankaj\Desktop\BikkadIT__06 Java Development\SpringBoot WorkSpace\SpringBootSecondAppUsingWeb\pom.xml.
????-??-?? ??:??:??,??? [Worker-11: Importing Maven projects] INFO  o.e.m.c.i.l.LifecycleMappingFactory - Using org.eclipse.m2e.jdt.JarLifecycleMapping lifecycle mapping for MavenProject: com.BikkadIT:SpringBootThirdAppUsingWeb:0.0.1-SNAPSHOT @ C:\Users\pankaj\Desktop\BikkadIT__06 Java Development\SpringBoot WorkSpace\SpringBootThirdAppUsingWeb\pom.xml.
????-??-?? ??:??:??,??? [Worker-11: Importing Maven projects] INFO  o.e.m.c.i.l.LifecycleMappingFactory - Using org.eclipse.m2e.jdt.JarLifecycleMapping lifecycle mapping for MavenProject: com.BikkadiT.DI:SpringBootUsingWedDI:0.0.1-SNAPSHOT @ C:\Users\pankaj\Desktop\BikkadIT__06 Java Development\SpringBoot WorkSpace\SpringBootUsingWebDI\pom.xml.
????-??-?? ??:??:??,??? [Worker-11: Importing Maven projects] INFO  o.e.m.j.i.AbstractJavaProjectConfigurator - Adding source folder /AutowritingDI/src/main/java
????-??-?? ??:??:??,??? [Worker-11: Importing Maven projects] INFO  o.e.m.j.i.AbstractJavaProjectConfigurator - Adding resource folder /AutowritingDI/src/main/resources
????-??-?? ??:??:??,??? [Worker-11: Importing Maven projects] INFO  o.e.m.j.i.AbstractJavaProjectConfigurator - Adding resource folder /AutowritingDI/src/main/resources
????-??-?? ??:??:??,??? [Worker-11: Importing Maven projects] INFO  o.e.m.j.i.AbstractJavaProjectConfigurator - Adding source folder /AutowritingDI/src/test/java
????-??-?? ??:??:??,??? [Worker-11: Importing Maven projects] INFO  o.e.m.j.i.AbstractJavaProjectConfigurator - Adding source folder /SpringBootFirstAppUsingWeb/src/main/java
????-??-?? ??:??:??,??? [Worker-11: Importing Maven projects] INFO  o.e.m.j.i.AbstractJavaProjectConfigurator - Adding resource folder /SpringBootFirstAppUsingWeb/src/main/resources
????-??-?? ??:??:??,??? [Worker-11: Importing Maven projects] INFO  o.e.m.j.i.AbstractJavaProjectConfigurator - Adding resource folder /SpringBootFirstAppUsingWeb/src/main/resources
????-??-?? ??:??:??,??? [Worker-11: Importing Maven projects] INFO  o.e.m.j.i.AbstractJavaProjectConfigurator - Adding source folder /SpringBootFirstAppUsingWeb/src/test/java
????-??-?? ??:??:??,??? [Worker-11: Importing Maven projects] INFO  o.e.m.j.i.AbstractJavaProjectConfigurator - Adding source folder /SpringBootUsingWedDI/src/main/java
????-??-?? ??:??:??,??? [Worker-11: Importing Maven projects] INFO  o.e.m.j.i.AbstractJavaProjectConfigurator - Adding resource folder /SpringBootUsingWedDI/src/main/resources
????-??-?? ??:??:??,??? [Worker-11: Importing Maven projects] INFO  o.e.m.j.i.AbstractJavaProjectConfigurator - Adding resource folder /SpringBootUsingWedDI/src/main/resources
????-??-?? ??:??:??,??? [Worker-11: Importing Maven projects] INFO  o.e.m.j.i.AbstractJavaProjectConfigurator - Adding source folder /SpringBootUsingWedDI/src/test/java
????-??-?? ??:??:??,??? [Worker-11: Importing Maven projects] INFO  o.e.m.j.i.AbstractJavaProjectConfigurator - Adding source folder /Autowirringmodes/src/main/java
????-??-?? ??:??:??,??? [Worker-11: Importing Maven projects] INFO  o.e.m.j.i.AbstractJavaProjectConfigurator - Adding resource folder /Autowirringmodes/src/main/resources
????-??-?? ??:??:??,??? [Worker-11: Importing Maven projects] INFO  o.e.m.j.i.AbstractJavaProjectConfigurator - Adding resource folder /Autowirringmodes/src/main/resources
????-??-?? ??:??:??,??? [Worker-11: Importing Maven projects] INFO  o.e.m.j.i.AbstractJavaProjectConfigurator - Adding source folder /Autowirringmodes/src/test/java
????-??-?? ??:??:??,??? [Worker-11: Importing Maven projects] INFO  o.e.m.j.i.AbstractJavaProjectConfigurator - Adding source folder /springbootBeans1/src/main/java
????-??-?? ??:??:??,??? [Worker-11: Importing Maven projects] INFO  o.e.m.j.i.AbstractJavaProjectConfigurator - Adding resource folder /springbootBeans1/src/main/resources
????-??-?? ??:??:??,??? [Worker-11: Importing Maven projects] INFO  o.e.m.j.i.AbstractJavaProjectConfigurator - Adding resource folder /springbootBeans1/src/main/resources
????-??-?? ??:??:??,??? [Worker-11: Importing Maven projects] INFO  o.e.m.j.i.AbstractJavaProjectConfigurator - Adding source folder /springbootBeans1/src/test/java
????-??-?? ??:??:??,??? [Worker-11: Importing Maven projects] INFO  o.e.m.j.i.AbstractJavaProjectConfigurator - Adding source folder /SpringBootThirdAppUsingWeb/src/main/java
????-??-?? ??:??:??,??? [Worker-11: Importing Maven projects] INFO  o.e.m.j.i.AbstractJavaProjectConfigurator - Adding resource folder /SpringBootThirdAppUsingWeb/src/main/resources
????-??-?? ??:??:??,??? [Worker-11: Importing Maven projects] INFO  o.e.m.j.i.AbstractJavaProjectConfigurator - Adding resource folder /SpringBootThirdAppUsingWeb/src/main/resources
????-??-?? ??:??:??,??? [Worker-11: Importing Maven projects] INFO  o.e.m.j.i.AbstractJavaProjectConfigurator - Adding source folder /SpringBootThirdAppUsingWeb/src/test/java
????-??-?? ??:??:??,??? [Worker-11: Importing Maven projects] INFO  o.e.m.j.i.AbstractJavaProjectConfigurator - Adding source folder /SpringBootAppDemo1/src/main/java
????-??-?? ??:??:??,??? [Worker-11: Importing Maven projects] INFO  o.e.m.j.i.AbstractJavaProjectConfigurator - Adding resource folder /SpringBootAppDemo1/src/main/resources
????-??-?? ??:??:??,??? [Worker-11: Importing Maven projects] INFO  o.e.m.j.i.AbstractJavaProjectConfigurator - Adding resource folder /SpringBootAppDemo1/src/main/resources
????-??-?? ??:??:??,??? [Worker-11: Importing Maven projects] INFO  o.e.m.j.i.AbstractJavaProjectConfigurator - Adding source folder /SpringBootAppDemo1/src/test/java
????-??-?? ??:??:??,??? [Worker-11: Importing Maven projects] INFO  o.e.m.j.i.AbstractJavaProjectConfigurator - Adding source folder /SpringBootSecondAppUsingWeb/src/main/java
????-??-?? ??:??:??,??? [Worker-11: Importing Maven projects] INFO  o.e.m.j.i.AbstractJavaProjectConfigurator - Adding resource folder /SpringBootSecondAppUsingWeb/src/main/resources
????-??-?? ??:??:??,??? [Worker-11: Importing Maven projects] INFO  o.e.m.j.i.AbstractJavaProjectConfigurator - Adding resource folder /SpringBootSecondAppUsingWeb/src/main/resources
????-??-?? ??:??:??,??? [Worker-11: Importing Maven projects] INFO  o.e.m.j.i.AbstractJavaProjectConfigurator - Adding source folder /SpringBootSecondAppUsingWeb/src/test/java
????-??-?? ??:??:??,??? [Worker-11: Importing Maven projects] INFO  o.e.m.j.i.AbstractJavaProjectConfigurator - Adding source folder /AutowritingDemo/src/main/java
????-??-?? ??:??:??,??? [Worker-11: Importing Maven projects] INFO  o.e.m.j.i.AbstractJavaProjectConfigurator - Adding resource folder /AutowritingDemo/src/main/resources
????-??-?? ??:??:??,??? [Worker-11: Importing Maven projects] INFO  o.e.m.j.i.AbstractJavaProjectConfigurator - Adding resource folder /AutowritingDemo/src/main/resources
????-??-?? ??:??:??,??? [Worker-11: Importing Maven projects] INFO  o.e.m.j.i.AbstractJavaProjectConfigurator - Adding source folder /AutowritingDemo/src/test/java
????-??-?? ??:??:??,??? [Worker-11: Importing Maven projects] INFO  o.e.m.j.i.AbstractJavaProjectConfigurator - Adding source folder /springbootBeans/src/main/java
????-??-?? ??:??:??,??? [Worker-11: Importing Maven projects] INFO  o.e.m.j.i.AbstractJavaProjectConfigurator - Adding resource folder /springbootBeans/src/main/resources
????-??-?? ??:??:??,??? [Worker-11: Importing Maven projects] INFO  o.e.m.j.i.AbstractJavaProjectConfigurator - Adding resource folder /springbootBeans/src/main/resources
????-??-?? ??:??:??,??? [Worker-11: Importing Maven projects] INFO  o.e.m.j.i.AbstractJavaProjectConfigurator - Adding source folder /springbootBeans/src/test/java
????-??-?? ??:??:??,??? [Worker-11: Importing Maven projects] INFO  o.e.m.j.i.AbstractJavaProjectConfigurator - Adding source folder /AutowirringmodesByType/src/main/java
????-??-?? ??:??:??,??? [Worker-11: Importing Maven projects] INFO  o.e.m.j.i.AbstractJavaProjectConfigurator - Adding resource folder /AutowirringmodesByType/src/main/resources
????-??-?? ??:??:??,??? [Worker-11: Importing Maven projects] INFO  o.e.m.j.i.AbstractJavaProjectConfigurator - Adding resource folder /AutowirringmodesByType/src/main/resources
????-??-?? ??:??:??,??? [Worker-11: Importing Maven projects] INFO  o.e.m.j.i.AbstractJavaProjectConfigurator - Adding source folder /AutowirringmodesByType/src/test/java
????-??-?? ??:??:??,??? [Worker-11: Importing Maven projects] INFO  o.e.m.j.i.AbstractJavaProjectConfigurator - Adding source folder /SpringBootFourthAppUsingWeb/src/main/java
????-??-?? ??:??:??,??? [Worker-11: Importing Maven projects] INFO  o.e.m.j.i.AbstractJavaProjectConfigurator - Adding resource folder /SpringBootFourthAppUsingWeb/src/main/resources
????-??-?? ??:??:??,??? [Worker-11: Importing Maven projects] INFO  o.e.m.j.i.AbstractJavaProjectConfigurator - Adding resource folder /SpringBootFourthAppUsingWeb/src/main/resources
????-??-?? ??:??:??,??? [Worker-11: Importing Maven projects] INFO  o.e.m.j.i.AbstractJavaProjectConfigurator - Adding source folder /SpringBootFourthAppUsingWeb/src/test/java
????-??-?? ??:??:??,??? [Worker-11: Importing Maven projects] INFO  o.e.m.c.i.p.ProjectConfigurationManager - Imported and configured 12 project(s) in 31 sec
????-??-?? ??:??:??,??? [Worker-6: Updating Maven Project] INFO  o.e.m.c.i.p.ProjectConfigurationManager - Update started
????-??-?? ??:??:??,??? [Worker-6: Updating Maven Project] INFO  o.e.m.c.i.l.LifecycleMappingFactory - Using org.eclipse.m2e.jdt.JarLifecycleMapping lifecycle mapping for MavenProject: com.BikkadIT:Autowirringmodes:0.0.1-SNAPSHOT @ C:\Users\pankaj\Desktop\BikkadIT__06 Java Development\SpringBoot WorkSpace\Autowirringmodes\pom.xml.
????-??-?? ??:??:??,??? [Worker-6: Updating Maven Project] INFO  o.e.m.c.i.l.LifecycleMappingFactory - Using org.eclipse.m2e.jdt.JarLifecycleMapping lifecycle mapping for MavenProject: com.BikkadIT:AutowirringmodesByType:0.0.1-SNAPSHOT @ C:\Users\pankaj\Desktop\BikkadIT__06 Java Development\SpringBoot WorkSpace\AutowirringmodesByType\pom.xml.
????-??-?? ??:??:??,??? [Worker-6: Updating Maven Project] INFO  o.e.m.c.i.l.LifecycleMappingFactory - Using org.eclipse.m2e.jdt.JarLifecycleMapping lifecycle mapping for MavenProject: com.BikkadIT:AutowritingDI:0.0.1-SNAPSHOT @ C:\Users\pankaj\Desktop\BikkadIT__06 Java Development\SpringBoot WorkSpace\AutowritingDI\pom.xml.
????-??-?? ??:??:??,??? [Worker-6: Updating Maven Project] INFO  o.e.m.c.i.l.LifecycleMappingFactory - Using org.eclipse.m2e.jdt.JarLifecycleMapping lifecycle mapping for MavenProject: com.BikkadIT:AutowritingDemo:0.0.1-SNAPSHOT @ C:\Users\pankaj\Desktop\BikkadIT__06 Java Development\SpringBoot WorkSpace\AutowritingDemo\pom.xml.
????-??-?? ??:??:??,??? [Worker-6: Updating Maven Project] INFO  o.e.m.c.i.l.LifecycleMappingFactory - Using org.eclipse.m2e.jdt.JarLifecycleMapping lifecycle mapping for MavenProject: com.BikkadIT.DI:SpringBootAppDemo1:0.0.1-SNAPSHOT @ C:\Users\pankaj\Desktop\BikkadIT__06 Java Development\SpringBoot WorkSpace\SpringBootAppDemo1\pom.xml.
????-??-?? ??:??:??,??? [Worker-6: Updating Maven Project] INFO  o.e.m.c.i.l.LifecycleMappingFactory - Using org.eclipse.m2e.jdt.JarLifecycleMapping lifecycle mapping for MavenProject: com.BikkadIT:SpringBootFirstAppUsingWeb:0.0.1-SNAPSHOT @ C:\Users\pankaj\Desktop\BikkadIT__06 Java Development\SpringBoot WorkSpace\SpringBootFirstAppUsingWeb\pom.xml.
????-??-?? ??:??:??,??? [Worker-6: Updating Maven Project] INFO  o.e.m.c.i.l.LifecycleMappingFactory - Using org.eclipse.m2e.jdt.JarLifecycleMapping lifecycle mapping for MavenProject: com.BikkasdIT:SpringBootFourthAppUsingWeb:0.0.1-SNAPSHOT @ C:\Users\pankaj\Desktop\BikkadIT__06 Java Development\SpringBoot WorkSpace\SpringBootFourthAppUsingWeb\pom.xml.
????-??-?? ??:??:??,??? [Worker-6: Updating Maven Project] INFO  o.e.m.c.i.l.LifecycleMappingFactory - Using org.eclipse.m2e.jdt.JarLifecycleMapping lifecycle mapping for MavenProject: com.BikkadIT:SpringBootSecondAppUsingWeb:0.0.1-SNAPSHOT @ C:\Users\pankaj\Desktop\BikkadIT__06 Java Development\SpringBoot WorkSpace\SpringBootSecondAppUsingWeb\pom.xml.
????-??-?? ??:??:??,??? [Worker-6: Updating Maven Project] INFO  o.e.m.c.i.l.LifecycleMappingFactory - Using org.eclipse.m2e.jdt.JarLifecycleMapping lifecycle mapping for MavenProject: com.BikkadIT:SpringBootThirdAppUsingWeb:0.0.1-SNAPSHOT @ C:\Users\pankaj\Desktop\BikkadIT__06 Java Development\SpringBoot WorkSpace\SpringBootThirdAppUsingWeb\pom.xml.
????-??-?? ??:??:??,??? [Worker-6: Updating Maven Project] INFO  o.e.m.c.i.l.LifecycleMappingFactory - Using org.eclipse.m2e.jdt.JarLifecycleMapping lifecycle mapping for MavenProject: com.BikkadiT.DI:SpringBootUsingWedDI:0.0.1-SNAPSHOT @ C:\Users\pankaj\Desktop\BikkadIT__06 Java Development\SpringBoot WorkSpace\SpringBootUsingWebDI\pom.xml.
????-??-?? ??:??:??,??? [Worker-6: Updating Maven Project] INFO  o.e.m.c.i.l.LifecycleMappingFactory - Using org.eclipse.m2e.jdt.JarLifecycleMapping lifecycle mapping for MavenProject: com.BikkadIT:springbootBeans:0.0.1-SNAPSHOT @ C:\Users\pankaj\Desktop\BikkadIT__06 Java Development\SpringBoot WorkSpace\springbootBeans\pom.xml.
????-??-?? ??:??:??,??? [Worker-6: Updating Maven Project] INFO  o.e.m.c.i.l.LifecycleMappingFactory - Using org.eclipse.m2e.jdt.JarLifecycleMapping lifecycle mapping for MavenProject: com.BikkadIT:springbootBeans1:0.0.1-SNAPSHOT @ C:\Users\pankaj\Desktop\BikkadIT__06 Java Development\SpringBoot WorkSpace\springbootBeans1\pom.xml.
????-??-?? ??:??:??,??? [Worker-6: Updating Maven Project] INFO  o.e.m.j.i.AbstractJavaProjectConfigurator - Adding source folder /Autowirringmodes/src/main/java
????-??-?? ??:??:??,??? [Worker-6: Updating Maven Project] INFO  o.e.m.j.i.AbstractJavaProjectConfigurator - Adding resource folder /Autowirringmodes/src/main/resources
????-??-?? ??:??:??,??? [Worker-6: Updating Maven Project] INFO  o.e.m.j.i.AbstractJavaProjectConfigurator - Adding resource folder /Autowirringmodes/src/main/resources
????-??-?? ??:??:??,??? [Worker-6: Updating Maven Project] INFO  o.e.m.j.i.AbstractJavaProjectConfigurator - Adding source folder /Autowirringmodes/src/test/java
????-??-?? ??:??:??,??? [Worker-6: Updating Maven Project] INFO  o.e.m.j.i.AbstractJavaProjectConfigurator - Adding source folder /AutowirringmodesByType/src/main/java
????-??-?? ??:??:??,??? [Worker-6: Updating Maven Project] INFO  o.e.m.j.i.AbstractJavaProjectConfigurator - Adding resource folder /AutowirringmodesByType/src/main/resources
????-??-?? ??:??:??,??? [Worker-6: Updating Maven Project] INFO  o.e.m.j.i.AbstractJavaProjectConfigurator - Adding resource folder /AutowirringmodesByType/src/main/resources
????-??-?? ??:??:??,??? [Worker-6: Updating Maven Project] INFO  o.e.m.j.i.AbstractJavaProjectConfigurator - Adding source folder /AutowirringmodesByType/src/test/java
????-??-?? ??:??:??,??? [Worker-6: Updating Maven Project] INFO  o.e.m.j.i.AbstractJavaProjectConfigurator - Adding source folder /AutowritingDI/src/main/java
????-??-?? ??:??:??,??? [Worker-6: Updating Maven Project] INFO  o.e.m.j.i.AbstractJavaProjectConfigurator - Adding resource folder /AutowritingDI/src/main/resources
????-??-?? ??:??:??,??? [Worker-6: Updating Maven Project] INFO  o.e.m.j.i.AbstractJavaProjectConfigurator - Adding resource folder /AutowritingDI/src/main/resources
????-??-?? ??:??:??,??? [Worker-6: Updating Maven Project] INFO  o.e.m.j.i.AbstractJavaProjectConfigurator - Adding source folder /AutowritingDI/src/test/java
????-??-?? ??:??:??,??? [Worker-6: Updating Maven Project] INFO  o.e.m.j.i.AbstractJavaProjectConfigurator - Adding source folder /AutowritingDemo/src/main/java
????-??-?? ??:??:??,??? [Worker-6: Updating Maven Project] INFO  o.e.m.j.i.AbstractJavaProjectConfigurator - Adding resource folder /AutowritingDemo/src/main/resources
????-??-?? ??:??:??,??? [Worker-6: Updating Maven Project] INFO  o.e.m.j.i.AbstractJavaProjectConfigurator - Adding resource folder /AutowritingDemo/src/main/resources
????-??-?? ??:??:??,??? [Worker-6: Updating Maven Project] INFO  o.e.m.j.i.AbstractJavaProjectConfigurator - Adding source folder /AutowritingDemo/src/test/java
????-??-?? ??:??:??,??? [Worker-6: Updating Maven Project] INFO  o.e.m.j.i.AbstractJavaProjectConfigurator - Adding source folder /SpringBootAppDemo1/src/main/java
????-??-?? ??:??:??,??? [Worker-6: Updating Maven Project] INFO  o.e.m.j.i.AbstractJavaProjectConfigurator - Adding resource folder /SpringBootAppDemo1/src/main/resources
????-??-?? ??:??:??,??? [Worker-6: Updating Maven Project] INFO  o.e.m.j.i.AbstractJavaProjectConfigurator - Adding resource folder /SpringBootAppDemo1/src/main/resources
????-??-?? ??:??:??,??? [Worker-6: Updating Maven Project] INFO  o.e.m.j.i.AbstractJavaProjectConfigurator - Adding source folder /SpringBootAppDemo1/src/test/java
????-??-?? ??:??:??,??? [Worker-6: Updating Maven Project] INFO  o.e.m.j.i.AbstractJavaProjectConfigurator - Adding source folder /SpringBootFirstAppUsingWeb/src/main/java
????-??-?? ??:??:??,??? [Worker-6: Updating Maven Project] INFO  o.e.m.j.i.AbstractJavaProjectConfigurator - Adding resource folder /SpringBootFirstAppUsingWeb/src/main/resources
????-??-?? ??:??:??,??? [Worker-6: Updating Maven Project] INFO  o.e.m.j.i.AbstractJavaProjectConfigurator - Adding resource folder /SpringBootFirstAppUsingWeb/src/main/resources
????-??-?? ??:??:??,??? [Worker-6: Updating Maven Project] INFO  o.e.m.j.i.AbstractJavaProjectConfigurator - Adding source folder /SpringBootFirstAppUsingWeb/src/test/java
????-??-?? ??:??:??,??? [Worker-6: Updating Maven Project] INFO  o.e.m.j.i.AbstractJavaProjectConfigurator - Adding source folder /SpringBootFourthAppUsingWeb/src/main/java
????-??-?? ??:??:??,??? [Worker-6: Updating Maven Project] INFO  o.e.m.j.i.AbstractJavaProjectConfigurator - Adding resource folder /SpringBootFourthAppUsingWeb/src/main/resources
????-??-?? ??:??:??,??? [Worker-6: Updating Maven Project] INFO  o.e.m.j.i.AbstractJavaProjectConfigurator - Adding resource folder /SpringBootFourthAppUsingWeb/src/main/resources
????-??-?? ??:??:??,??? [Worker-6: Updating Maven Project] INFO  o.e.m.j.i.AbstractJavaProjectConfigurator - Adding source folder /SpringBootFourthAppUsingWeb/src/test/java
????-??-?? ??:??:??,??? [Worker-6: Updating Maven Project] INFO  o.e.m.j.i.AbstractJavaProjectConfigurator - Adding source folder /SpringBootSecondAppUsingWeb/src/main/java
????-??-?? ??:??:??,??? [Worker-6: Updating Maven Project] INFO  o.e.m.j.i.AbstractJavaProjectConfigurator - Adding resource folder /SpringBootSecondAppUsingWeb/src/main/resources
????-??-?? ??:??:??,??? [Worker-6: Updating Maven Project] INFO  o.e.m.j.i.AbstractJavaProjectConfigurator - Adding resource folder /SpringBootSecondAppUsingWeb/src/main/resources
????-??-?? ??:??:??,??? [Worker-6: Updating Maven Project] INFO  o.e.m.j.i.AbstractJavaProjectConfigurator - Adding source folder /SpringBootSecondAppUsingWeb/src/test/java
????-??-?? ??:??:??,??? [Worker-6: Updating Maven Project] INFO  o.e.m.j.i.AbstractJavaProjectConfigurator - Adding source folder /SpringBootThirdAppUsingWeb/src/main/java
????-??-?? ??:??:??,??? [Worker-6: Updating Maven Project] INFO  o.e.m.j.i.AbstractJavaProjectConfigurator - Adding resource folder /SpringBootThirdAppUsingWeb/src/main/resources
????-??-?? ??:??:??,??? [Worker-6: Updating Maven Project] INFO  o.e.m.j.i.AbstractJavaProjectConfigurator - Adding resource folder /SpringBootThirdAppUsingWeb/src/main/resources
????-??-?? ??:??:??,??? [Worker-6: Updating Maven Project] INFO  o.e.m.j.i.AbstractJavaProjectConfigurator - Adding source folder /SpringBootThirdAppUsingWeb/src/test/java
????-??-?? ??:??:??,??? [Worker-6: Updating Maven Project] INFO  o.e.m.j.i.AbstractJavaProjectConfigurator - Adding source folder /SpringBootUsingWedDI/src/main/java
????-??-?? ??:??:??,??? [Worker-6: Updating Maven Project] INFO  o.e.m.j.i.AbstractJavaProjectConfigurator - Adding resource folder /SpringBootUsingWedDI/src/main/resources
????-??-?? ??:??:??,??? [Worker-6: Updating Maven Project] INFO  o.e.m.j.i.AbstractJavaProjectConfigurator - Adding resource folder /SpringBootUsingWedDI/src/main/resources
????-??-?? ??:??:??,??? [Worker-6: Updating Maven Project] INFO  o.e.m.j.i.AbstractJavaProjectConfigurator - Adding source folder /SpringBootUsingWedDI/src/test/java
????-??-?? ??:??:??,??? [Worker-6: Updating Maven Project] INFO  o.e.m.j.i.AbstractJavaProjectConfigurator - Adding source folder /springbootBeans/src/main/java
????-??-?? ??:??:??,??? [Worker-6: Updating Maven Project] INFO  o.e.m.j.i.AbstractJavaProjectConfigurator - Adding resource folder /springbootBeans/src/main/resources
????-??-?? ??:??:??,??? [Worker-6: Updating Maven Project] INFO  o.e.m.j.i.AbstractJavaProjectConfigurator - Adding resource folder /springbootBeans/src/main/resources
????-??-?? ??:??:??,??? [Worker-6: Updating Maven Project] INFO  o.e.m.j.i.AbstractJavaProjectConfigurator - Adding source folder /springbootBeans/src/test/java
????-??-?? ??:??:??,??? [Worker-6: Updating Maven Project] INFO  o.e.m.j.i.AbstractJavaProjectConfigurator - Adding source folder /springbootBeans1/src/main/java
????-??-?? ??:??:??,??? [Worker-6: Updating Maven Project] INFO  o.e.m.j.i.AbstractJavaProjectConfigurator - Adding resource folder /springbootBeans1/src/main/resources
????-??-?? ??:??:??,??? [Worker-6: Updating Maven Project] INFO  o.e.m.j.i.AbstractJavaProjectConfigurator - Adding resource folder /springbootBeans1/src/main/resources
????-??-?? ??:??:??,??? [Worker-6: Updating Maven Project] INFO  o.e.m.j.i.AbstractJavaProjectConfigurator - Adding source folder /springbootBeans1/src/test/java
????-??-?? ??:??:??,??? [Worker-6: Updating Maven Project] INFO  o.e.m.c.i.p.ProjectConfigurationManager - Update completed for 12 poms: local refresh takes ?.?? sec, refresh facades takes ??.?? sec, update config takes ?.?? sec 
????-??-?? ??:??:??,??? [Worker-15: Updating Maven Project] INFO  o.e.m.c.i.p.ProjectConfigurationManager - Update started
????-??-?? ??:??:??,??? [Worker-15: Updating Maven Project] INFO  o.e.m.c.i.l.LifecycleMappingFactory - Using org.eclipse.m2e.jdt.JarLifecycleMapping lifecycle mapping for MavenProject: com.BikkadIT:Autowirringmodes:0.0.1-SNAPSHOT @ C:\Users\pankaj\Desktop\BikkadIT__06 Java Development\SpringBoot WorkSpace\Autowirringmodes\pom.xml.
????-??-?? ??:??:??,??? [Worker-15: Updating Maven Project] INFO  o.e.m.c.i.l.LifecycleMappingFactory - Using org.eclipse.m2e.jdt.JarLifecycleMapping lifecycle mapping for MavenProject: com.BikkadIT:AutowirringmodesByType:0.0.1-SNAPSHOT @ C:\Users\pankaj\Desktop\BikkadIT__06 Java Development\SpringBoot WorkSpace\AutowirringmodesByType\pom.xml.
????-??-?? ??:??:??,??? [Worker-15: Updating Maven Project] INFO  o.e.m.c.i.l.LifecycleMappingFactory - Using org.eclipse.m2e.jdt.JarLifecycleMapping lifecycle mapping for MavenProject: com.BikkadIT:AutowritingDemo:0.0.1-SNAPSHOT @ C:\Users\pankaj\Desktop\BikkadIT__06 Java Development\SpringBoot WorkSpace\AutowritingDemo\pom.xml.
????-??-?? ??:??:??,??? [Worker-15: Updating Maven Project] INFO  o.e.m.c.i.l.LifecycleMappingFactory - Using org.eclipse.m2e.jdt.JarLifecycleMapping lifecycle mapping for MavenProject: com.BikkadIT:AutowritingDI:0.0.1-SNAPSHOT @ C:\Users\pankaj\Desktop\BikkadIT__06 Java Development\SpringBoot WorkSpace\AutowritingDI\pom.xml.
????-??-?? ??:??:??,??? [Worker-15: Updating Maven Project] INFO  o.e.m.c.i.l.LifecycleMappingFactory - Using org.eclipse.m2e.jdt.JarLifecycleMapping lifecycle mapping for MavenProject: com.BikkadIT.DI:SpringBootAppDemo1:0.0.1-SNAPSHOT @ C:\Users\pankaj\Desktop\BikkadIT__06 Java Development\SpringBoot WorkSpace\SpringBootAppDemo1\pom.xml.
????-??-?? ??:??:??,??? [Worker-15: Updating Maven Project] INFO  o.e.m.c.i.l.LifecycleMappingFactory - Using org.eclipse.m2e.jdt.JarLifecycleMapping lifecycle mapping for MavenProject: com.BikkadIT:springbootBeans:0.0.1-SNAPSHOT @ C:\Users\pankaj\Desktop\BikkadIT__06 Java Development\SpringBoot WorkSpace\springbootBeans\pom.xml.
????-??-?? ??:??:??,??? [Worker-15: Updating Maven Project] INFO  o.e.m.c.i.l.LifecycleMappingFactory - Using org.eclipse.m2e.jdt.JarLifecycleMapping lifecycle mapping for MavenProject: com.BikkadIT:springbootBeans1:0.0.1-SNAPSHOT @ C:\Users\pankaj\Desktop\BikkadIT__06 Java Development\SpringBoot WorkSpace\springbootBeans1\pom.xml.
????-??-?? ??:??:??,??? [Worker-15: Updating Maven Project] INFO  o.e.m.c.i.l.LifecycleMappingFactory - Using org.eclipse.m2e.jdt.JarLifecycleMapping lifecycle mapping for MavenProject: com.BikkadIT:SpringBootFirstAppUsingWeb:0.0.1-SNAPSHOT @ C:\Users\pankaj\Desktop\BikkadIT__06 Java Development\SpringBoot WorkSpace\SpringBootFirstAppUsingWeb\pom.xml.
????-??-?? ??:??:??,??? [Worker-15: Updating Maven Project] INFO  o.e.m.c.i.l.LifecycleMappingFactory - Using org.eclipse.m2e.jdt.JarLifecycleMapping lifecycle mapping for MavenProject: com.BikkasdIT:SpringBootFourthAppUsingWeb:0.0.1-SNAPSHOT @ C:\Users\pankaj\Desktop\BikkadIT__06 Java Development\SpringBoot WorkSpace\SpringBootFourthAppUsingWeb\pom.xml.
????-??-?? ??:??:??,??? [Worker-15: Updating Maven Project] INFO  o.e.m.c.i.l.LifecycleMappingFactory - Using org.eclipse.m2e.jdt.JarLifecycleMapping lifecycle mapping for MavenProject: com.BikkadIT:SpringBootSecondAppUsingWeb:0.0.1-SNAPSHOT @ C:\Users\pankaj\Desktop\BikkadIT__06 Java Development\SpringBoot WorkSpace\SpringBootSecondAppUsingWeb\pom.xml.
????-??-?? ??:??:??,??? [Worker-15: Updating Maven Project] INFO  o.e.m.c.i.l.LifecycleMappingFactory - Using org.eclipse.m2e.jdt.JarLifecycleMapping lifecycle mapping for MavenProject: com.BikkadIT:SpringBootThirdAppUsingWeb:0.0.1-SNAPSHOT @ C:\Users\pankaj\Desktop\BikkadIT__06 Java Development\SpringBoot WorkSpace\SpringBootThirdAppUsingWeb\pom.xml.
????-??-?? ??:??:??,??? [Worker-15: Updating Maven Project] INFO  o.e.m.c.i.l.LifecycleMappingFactory - Using org.eclipse.m2e.jdt.JarLifecycleMapping lifecycle mapping for MavenProject: com.BikkadiT.DI:SpringBootUsingWedDI:0.0.1-SNAPSHOT @ C:\Users\pankaj\Desktop\BikkadIT__06 Java Development\SpringBoot WorkSpace\SpringBootUsingWebDI\pom.xml.
????-??-?? ??:??:??,??? [Worker-15: Updating Maven Project] INFO  o.e.m.j.i.AbstractJavaProjectConfigurator - Adding source folder /Autowirringmodes/src/main/java
????-??-?? ??:??:??,??? [Worker-15: Updating Maven Project] INFO  o.e.m.j.i.AbstractJavaProjectConfigurator - Adding resource folder /Autowirringmodes/src/main/resources
????-??-?? ??:??:??,??? [Worker-15: Updating Maven Project] INFO  o.e.m.j.i.AbstractJavaProjectConfigurator - Adding resource folder /Autowirringmodes/src/main/resources
????-??-?? ??:??:??,??? [Worker-15: Updating Maven Project] INFO  o.e.m.j.i.AbstractJavaProjectConfigurator - Adding source folder /Autowirringmodes/src/test/java
????-??-?? ??:??:??,??? [Worker-15: Updating Maven Project] INFO  o.e.m.j.i.AbstractJavaProjectConfigurator - Adding source folder /AutowirringmodesByType/src/main/java
????-??-?? ??:??:??,??? [Worker-15: Updating Maven Project] INFO  o.e.m.j.i.AbstractJavaProjectConfigurator - Adding resource folder /AutowirringmodesByType/src/main/resources
????-??-?? ??:??:??,??? [Worker-15: Updating Maven Project] INFO  o.e.m.j.i.AbstractJavaProjectConfigurator - Adding resource folder /AutowirringmodesByType/src/main/resources
????-??-?? ??:??:??,??? [Worker-15: Updating Maven Project] INFO  o.e.m.j.i.AbstractJavaProjectConfigurator - Adding source folder /AutowirringmodesByType/src/test/java
????-??-?? ??:??:??,??? [Worker-15: Updating Maven Project] INFO  o.e.m.j.i.AbstractJavaProjectConfigurator - Adding source folder /AutowritingDemo/src/main/java
????-??-?? ??:??:??,??? [Worker-15: Updating Maven Project] INFO  o.e.m.j.i.AbstractJavaProjectConfigurator - Adding resource folder /AutowritingDemo/src/main/resources
????-??-?? ??:??:??,??? [Worker-15: Updating Maven Project] INFO  o.e.m.j.i.AbstractJavaProjectConfigurator - Adding resource folder /AutowritingDemo/src/main/resources
????-??-?? ??:??:??,??? [Worker-15: Updating Maven Project] INFO  o.e.m.j.i.AbstractJavaProjectConfigurator - Adding source folder /AutowritingDemo/src/test/java
????-??-?? ??:??:??,??? [Worker-15: Updating Maven Project] INFO  o.e.m.j.i.AbstractJavaProjectConfigurator - Adding source folder /AutowritingDI/src/main/java
????-??-?? ??:??:??,??? [Worker-15: Updating Maven Project] INFO  o.e.m.j.i.AbstractJavaProjectConfigurator - Adding resource folder /AutowritingDI/src/main/resources
????-??-?? ??:??:??,??? [Worker-15: Updating Maven Project] INFO  o.e.m.j.i.AbstractJavaProjectConfigurator - Adding resource folder /AutowritingDI/src/main/resources
????-??-?? ??:??:??,??? [Worker-15: Updating Maven Project] INFO  o.e.m.j.i.AbstractJavaProjectConfigurator - Adding source folder /AutowritingDI/src/test/java
????-??-?? ??:??:??,??? [Worker-15: Updating Maven Project] INFO  o.e.m.j.i.AbstractJavaProjectConfigurator - Adding source folder /SpringBootAppDemo1/src/main/java
????-??-?? ??:??:??,??? [Worker-15: Updating Maven Project] INFO  o.e.m.j.i.AbstractJavaProjectConfigurator - Adding resource folder /SpringBootAppDemo1/src/main/resources
????-??-?? ??:??:??,??? [Worker-15: Updating Maven Project] INFO  o.e.m.j.i.AbstractJavaProjectConfigurator - Adding resource folder /SpringBootAppDemo1/src/main/resources
????-??-?? ??:??:??,??? [Worker-15: Updating Maven Project] INFO  o.e.m.j.i.AbstractJavaProjectConfigurator - Adding source folder /SpringBootAppDemo1/src/test/java
????-??-?? ??:??:??,??? [Worker-15: Updating Maven Project] INFO  o.e.m.j.i.AbstractJavaProjectConfigurator - Adding source folder /springbootBeans/src/main/java
????-??-?? ??:??:??,??? [Worker-15: Updating Maven Project] INFO  o.e.m.j.i.AbstractJavaProjectConfigurator - Adding resource folder /springbootBeans/src/main/resources
????-??-?? ??:??:??,??? [Worker-15: Updating Maven Project] INFO  o.e.m.j.i.AbstractJavaProjectConfigurator - Adding resource folder /springbootBeans/src/main/resources
????-??-?? ??:??:??,??? [Worker-15: Updating Maven Project] INFO  o.e.m.j.i.AbstractJavaProjectConfigurator - Adding source folder /springbootBeans/src/test/java
????-??-?? ??:??:??,??? [Worker-15: Updating Maven Project] INFO  o.e.m.j.i.AbstractJavaProjectConfigurator - Adding source folder /springbootBeans1/src/main/java
????-??-?? ??:??:??,??? [Worker-15: Updating Maven Project] INFO  o.e.m.j.i.AbstractJavaProjectConfigurator - Adding resource folder /springbootBeans1/src/main/resources
????-??-?? ??:??:??,??? [Worker-15: Updating Maven Project] INFO  o.e.m.j.i.AbstractJavaProjectConfigurator - Adding resource folder /springbootBeans1/src/main/resources
????-??-?? ??:??:??,??? [Worker-15: Updating Maven Project] INFO  o.e.m.j.i.AbstractJavaProjectConfigurator - Adding source folder /springbootBeans1/src/test/java
????-??-?? ??:??:??,??? [Worker-15: Updating Maven Project] INFO  o.e.m.j.i.AbstractJavaProjectConfigurator - Adding source folder /SpringBootFirstAppUsingWeb/src/main/java
????-??-?? ??:??:??,??? [Worker-15: Updating Maven Project] INFO  o.e.m.j.i.AbstractJavaProjectConfigurator - Adding resource folder /SpringBootFirstAppUsingWeb/src/main/resources
????-??-?? ??:??:??,??? [Worker-15: Updating Maven Project] INFO  o.e.m.j.i.AbstractJavaProjectConfigurator - Adding resource folder /SpringBootFirstAppUsingWeb/src/main/resources
????-??-?? ??:??:??,??? [Worker-15: Updating Maven Project] INFO  o.e.m.j.i.AbstractJavaProjectConfigurator - Adding source folder /SpringBootFirstAppUsingWeb/src/test/java
????-??-?? ??:??:??,??? [Worker-15: Updating Maven Project] INFO  o.e.m.j.i.AbstractJavaProjectConfigurator - Adding source folder /SpringBootFourthAppUsingWeb/src/main/java
????-??-?? ??:??:??,??? [Worker-15: Updating Maven Project] INFO  o.e.m.j.i.AbstractJavaProjectConfigurator - Adding resource folder /SpringBootFourthAppUsingWeb/src/main/resources
????-??-?? ??:??:??,??? [Worker-15: Updating Maven Project] INFO  o.e.m.j.i.AbstractJavaProjectConfigurator - Adding resource folder /SpringBootFourthAppUsingWeb/src/main/resources
????-??-?? ??:??:??,??? [Worker-15: Updating Maven Project] INFO  o.e.m.j.i.AbstractJavaProjectConfigurator - Adding source folder /SpringBootFourthAppUsingWeb/src/test/java
????-??-?? ??:??:??,??? [Worker-15: Updating Maven Project] INFO  o.e.m.j.i.AbstractJavaProjectConfigurator - Adding source folder /SpringBootSecondAppUsingWeb/src/main/java
????-??-?? ??:??:??,??? [Worker-15: Updating Maven Project] INFO  o.e.m.j.i.AbstractJavaProjectConfigurator - Adding resource folder /SpringBootSecondAppUsingWeb/src/main/resources
????-??-?? ??:??:??,??? [Worker-15: Updating Maven Project] INFO  o.e.m.j.i.AbstractJavaProjectConfigurator - Adding resource folder /SpringBootSecondAppUsingWeb/src/main/resources
????-??-?? ??:??:??,??? [Worker-15: Updating Maven Project] INFO  o.e.m.j.i.AbstractJavaProjectConfigurator - Adding source folder /SpringBootSecondAppUsingWeb/src/test/java
????-??-?? ??:??:??,??? [Worker-15: Updating Maven Project] INFO  o.e.m.j.i.AbstractJavaProjectConfigurator - Adding source folder /SpringBootThirdAppUsingWeb/src/main/java
????-??-?? ??:??:??,??? [Worker-15: Updating Maven Project] INFO  o.e.m.j.i.AbstractJavaProjectConfigurator - Adding resource folder /SpringBootThirdAppUsingWeb/src/main/resources
????-??-?? ??:??:??,??? [Worker-15: Updating Maven Project] INFO  o.e.m.j.i.AbstractJavaProjectConfigurator - Adding resource folder /SpringBootThirdAppUsingWeb/src/main/resources
????-??-?? ??:??:??,??? [Worker-15: Updating Maven Project] INFO  o.e.m.j.i.AbstractJavaProjectConfigurator - Adding source folder /SpringBootThirdAppUsingWeb/src/test/java
????-??-?? ??:??:??,??? [Worker-15: Updating Maven Project] INFO  o.e.m.j.i.AbstractJavaProjectConfigurator - Adding source folder /SpringBootUsingWedDI/src/main/java
????-??-?? ??:??:??,??? [Worker-15: Updating Maven Project] INFO  o.e.m.j.i.AbstractJavaProjectConfigurator - Adding resource folder /SpringBootUsingWedDI/src/main/resources
????-??-?? ??:??:??,??? [Worker-15: Updating Maven Project] INFO  o.e.m.j.i.AbstractJavaProjectConfigurator - Adding resource folder /SpringBootUsingWedDI/src/main/resources
????-??-?? ??:??:??,??? [Worker-15: Updating Maven Project] INFO  o.e.m.j.i.AbstractJavaProjectConfigurator - Adding source folder /SpringBootUsingWedDI/src/test/java
????-??-?? ??:??:??,??? [Worker-15: Updating Maven Project] INFO  o.e.m.c.i.p.ProjectConfigurationManager - Update completed for 12 poms: local refresh takes ?.?? sec, refresh facades takes ?.?? sec, update config takes ?.?? sec 
????-??-?? ??:??:??,??? [Worker-34: http://download.eclipse.org/usssdk/updates/release/latest/compositeContent.jar] INFO  o.a.h.c.h.i.c.HttpRequestRetryExec - Recoverable I/O exception (org.apache.hc.core5.http.NoHttpResponseException) caught when processing request to {}->http://download.eclipse.org:80
????-??-?? ??:??:??,??? [Worker-2: http://download.eclipse.org/usssdk/updates/release/latest/compositeContent.xml] INFO  o.a.h.c.h.i.c.HttpRequestRetryExec - Recoverable I/O exception (org.apache.hc.core5.http.NoHttpResponseException) caught when processing request to {}->http://download.eclipse.org:80
????-??-?? ??:??:??,??? [Worker-38: http://download.eclipse.org/usssdk/updates/release/latest/compositeContent.jar] INFO  o.a.h.c.h.i.c.HttpRequestRetryExec - Recoverable I/O exception (org.apache.hc.core5.http.NoHttpResponseException) caught when processing request to {}->http://download.eclipse.org:80
????-??-?? ??:??:??,??? [Worker-36: http://download.eclipse.org/usssdk/updates/release/latest/compositeContent.xml] INFO  o.a.h.c.h.i.c.HttpRequestRetryExec - Recoverable I/O exception (org.apache.hc.core5.http.NoHttpResponseException) caught when processing request to {}->http://download.eclipse.org:80
????-??-?? ??:??:??,??? [Worker-35: http://download.eclipse.org/usssdk/updates/release/latest/content.jar] INFO  o.a.h.c.h.i.c.HttpRequestRetryExec - Recoverable I/O exception (org.apache.hc.core5.http.NoHttpResponseException) caught when processing request to {}->http://download.eclipse.org:80
????-??-?? ??:??:??,??? [Worker-25: http://download.eclipse.org/usssdk/updates/release/latest/content.xml.xz] INFO  o.a.h.c.h.i.c.HttpRequestRetryExec - Recoverable I/O exception (org.apache.hc.core5.http.NoHttpResponseException) caught when processing request to {}->http://download.eclipse.org:80
????-??-?? ??:??:??,??? [Worker-28: http://download.eclipse.org/usssdk/updates/release/latest/compositeArtifacts.jar] INFO  o.a.h.c.h.i.c.HttpRequestRetryExec - Recoverable I/O exception (org.apache.hc.core5.http.NoHttpResponseException) caught when processing request to {}->http://download.eclipse.org:80
????-??-?? ??:??:??,??? [Worker-25: http://download.eclipse.org/usssdk/updates/release/latest/compositeArtifacts.xml] INFO  o.a.h.c.h.i.c.HttpRequestRetryExec - Recoverable I/O exception (org.apache.hc.core5.http.NoHttpResponseException) caught when processing request to {}->http://download.eclipse.org:80
????-??-?? ??:??:??,??? [Worker-50: https://ftp.jaist.ac.jp/pub/eclipse/releases/2022-12/202212071000/plugins/org.eclipse.wst.server.preview_1.2.100.v202211091907.jar] INFO  o.a.h.c.h.i.c.HttpRequestRetryExec - Recoverable I/O exception (java.net.SocketException) caught when processing request to {s}->https://ftp.jaist.ac.jp:443
????-??-?? ??:??:??,??? [Worker-61: https://mirrors.nju.edu.cn/eclipse//releases/2022-12/202212071000/features/org.eclipse.wst.json_core.feature_1.1.8.v202211200019.jar] INFO  o.a.h.c.h.i.c.HttpRequestRetryExec - Recoverable I/O exception (java.net.SocketException) caught when processing request to {s}->https://mirrors.nju.edu.cn:443
????-??-?? ??:??:??,??? [Worker-57: https://mirror.kakao.com/eclipse/releases/2022-12/202212071000/plugins/org.eclipse.wst.server.core_1.10.300.v202211100535.jar] INFO  o.a.h.c.h.i.c.HttpRequestRetryExec - Recoverable I/O exception (java.net.SocketException) caught when processing request to {s}->https://mirror.kakao.com:443
????-??-?? ??:??:??,??? [Worker-48: https://mirrors.neusoft.edu.cn/eclipse/releases/2022-12/202212071000/plugins/org.eclipse.wst.server.ui_1.5.900.v202211100535.jar] INFO  o.a.h.c.h.i.c.HttpRequestRetryExec - Recoverable I/O exception (java.net.SocketException) caught when processing request to {s}->https://mirrors.neusoft.edu.cn:443
????-??-?? ??:??:??,??? [Worker-49: https://mirror.kakao.com/eclipse/releases/2022-12/202212071000/plugins/org.eclipse.wst.server.ui.doc.user_1.1.600.v201901310132.jar] INFO  o.a.h.c.h.i.c.HttpRequestRetryExec - Recoverable I/O exception (java.net.SocketException) caught when processing request to {s}->https://mirror.kakao.com:443
????-??-?? ??:??:??,??? [Worker-3: Loading available Gradle versions] INFO  o.e.b.c.i.u.g.PublishedGradleVersions - Gradle version information cache is out-of-date. Trying to update.
????-??-?? ??:??:??,??? [Worker-3: Loading available Gradle versions] INFO  o.e.b.c.i.u.g.PublishedGradleVersions - Updating Gradle version information cache failed. Using outdated cache.
????-??-?? ??:??:??,??? [Worker-3: Building] INFO  o.a.m.s.f.DefaultMavenResourcesFiltering - Copying 1 resource
????-??-?? ??:??:??,??? [Worker-3: Building] INFO  o.a.m.s.f.DefaultMavenResourcesFiltering - Copying 0 resource
????-??-?? ??:??:??,??? [Worker-3: Building] INFO  o.a.m.s.f.DefaultMavenResourcesFiltering - skip non existing resourceDirectory C:\Users\pankaj\Desktop\BikkadIT__06 Java Development\SpringBoot WorkSpace\Autowirringmodes\src\test\resources
????-??-?? ??:??:??,??? [Worker-21: Building] INFO  o.a.m.s.f.DefaultMavenResourcesFiltering - Copying 0 resource
????-??-?? ??:??:??,??? [Worker-21: Building] INFO  o.a.m.s.f.DefaultMavenResourcesFiltering - Copying 0 resource
????-??-?? ??:??:??,??? [Worker-21: Building] INFO  o.a.m.s.f.DefaultMavenResourcesFiltering - skip non existing resourceDirectory C:\Users\pankaj\Desktop\BikkadIT__06 Java Development\SpringBoot WorkSpace\Autowirringmodes\src\test\resources
????-??-?? ??:??:??,??? [Worker-16: Building] INFO  o.a.m.s.f.DefaultMavenResourcesFiltering - Copying 0 resource
????-??-?? ??:??:??,??? [Worker-16: Building] INFO  o.a.m.s.f.DefaultMavenResourcesFiltering - Copying 0 resource
????-??-?? ??:??:??,??? [Worker-16: Building] INFO  o.a.m.s.f.DefaultMavenResourcesFiltering - skip non existing resourceDirectory C:\Users\pankaj\Desktop\BikkadIT__06 Java Development\SpringBoot WorkSpace\Autowirringmodes\src\test\resources
????-??-?? ??:??:??,??? [Worker-6: Updating Maven Project] INFO  o.e.m.c.i.p.ProjectConfigurationManager - Update started
????-??-?? ??:??:??,??? [Worker-6: Updating Maven Project] INFO  o.e.m.c.i.l.LifecycleMappingFactory - Using org.eclipse.m2e.jdt.JarLifecycleMapping lifecycle mapping for MavenProject: com.BikkadIT:Autowirringmodes:0.0.1-SNAPSHOT @ C:\Users\pankaj\Desktop\BikkadIT__06 Java Development\SpringBoot WorkSpace\Autowirringmodes\pom.xml.
????-??-?? ??:??:??,??? [Worker-6: Updating Maven Project] INFO  o.e.m.c.i.l.LifecycleMappingFactory - Using org.eclipse.m2e.jdt.JarLifecycleMapping lifecycle mapping for MavenProject: com.BikkadIT:AutowirringmodesByType:0.0.1-SNAPSHOT @ C:\Users\pankaj\Desktop\BikkadIT__06 Java Development\SpringBoot WorkSpace\AutowirringmodesByType\pom.xml.
????-??-?? ??:??:??,??? [Worker-6: Updating Maven Project] INFO  o.e.m.c.i.l.LifecycleMappingFactory - Using org.eclipse.m2e.jdt.JarLifecycleMapping lifecycle mapping for MavenProject: com.BikkadIT:AutowritingDemo:0.0.1-SNAPSHOT @ C:\Users\pankaj\Desktop\BikkadIT__06 Java Development\SpringBoot WorkSpace\AutowritingDemo\pom.xml.
????-??-?? ??:??:??,??? [Worker-6: Updating Maven Project] INFO  o.e.m.c.i.l.LifecycleMappingFactory - Using org.eclipse.m2e.jdt.JarLifecycleMapping lifecycle mapping for MavenProject: com.BikkadIT:AutowritingDI:0.0.1-SNAPSHOT @ C:\Users\pankaj\Desktop\BikkadIT__06 Java Development\SpringBoot WorkSpace\AutowritingDI\pom.xml.
????-??-?? ??:??:??,??? [Worker-6: Updating Maven Project] INFO  o.e.m.c.i.l.LifecycleMappingFactory - Using org.eclipse.m2e.jdt.JarLifecycleMapping lifecycle mapping for MavenProject: com.BikkadIT.DI:SpringBootAppDemo1:0.0.1-SNAPSHOT @ C:\Users\pankaj\Desktop\BikkadIT__06 Java Development\SpringBoot WorkSpace\SpringBootAppDemo1\pom.xml.
????-??-?? ??:??:??,??? [Worker-6: Updating Maven Project] INFO  o.e.m.c.i.l.LifecycleMappingFactory - Using org.eclipse.m2e.jdt.JarLifecycleMapping lifecycle mapping for MavenProject: com.BikkadIT:springbootBeans:0.0.1-SNAPSHOT @ C:\Users\pankaj\Desktop\BikkadIT__06 Java Development\SpringBoot WorkSpace\springbootBeans\pom.xml.
????-??-?? ??:??:??,??? [Worker-6: Updating Maven Project] INFO  o.e.m.c.i.l.LifecycleMappingFactory - Using org.eclipse.m2e.jdt.JarLifecycleMapping lifecycle mapping for MavenProject: com.BikkadIT:springbootBeans1:0.0.1-SNAPSHOT @ C:\Users\pankaj\Desktop\BikkadIT__06 Java Development\SpringBoot WorkSpace\springbootBeans1\pom.xml.
????-??-?? ??:??:??,??? [Worker-6: Updating Maven Project] INFO  o.e.m.c.i.l.LifecycleMappingFactory - Using org.eclipse.m2e.jdt.JarLifecycleMapping lifecycle mapping for MavenProject: com.BikkadIT:SpringBootFirstAppUsingWeb:0.0.1-SNAPSHOT @ C:\Users\pankaj\Desktop\BikkadIT__06 Java Development\SpringBoot WorkSpace\SpringBootFirstAppUsingWeb\pom.xml.
????-??-?? ??:??:??,??? [Worker-6: Updating Maven Project] INFO  o.e.m.c.i.l.LifecycleMappingFactory - Using org.eclipse.m2e.jdt.JarLifecycleMapping lifecycle mapping for MavenProject: com.BikkasdIT:SpringBootFourthAppUsingWeb:0.0.1-SNAPSHOT @ C:\Users\pankaj\Desktop\BikkadIT__06 Java Development\SpringBoot WorkSpace\SpringBootFourthAppUsingWeb\pom.xml.
????-??-?? ??:??:??,??? [Worker-6: Updating Maven Project] INFO  o.e.m.c.i.l.LifecycleMappingFactory - Using org.eclipse.m2e.jdt.JarLifecycleMapping lifecycle mapping for MavenProject: com.BikkadIT:SpringBootSecondAppUsingWeb:0.0.1-SNAPSHOT @ C:\Users\pankaj\Desktop\BikkadIT__06 Java Development\SpringBoot WorkSpace\SpringBootSecondAppUsingWeb\pom.xml.
????-??-?? ??:??:??,??? [Worker-6: Updating Maven Project] INFO  o.e.m.c.i.l.LifecycleMappingFactory - Using org.eclipse.m2e.jdt.JarLifecycleMapping lifecycle mapping for MavenProject: com.BikkadIT:SpringBootThirdAppUsingWeb:0.0.1-SNAPSHOT @ C:\Users\pankaj\Desktop\BikkadIT__06 Java Development\SpringBoot WorkSpace\SpringBootThirdAppUsingWeb\pom.xml.
????-??-?? ??:??:??,??? [Worker-6: Updating Maven Project] INFO  o.e.m.c.i.l.LifecycleMappingFactory - Using org.eclipse.m2e.jdt.JarLifecycleMapping lifecycle mapping for MavenProject: com.BikkadiT.DI:SpringBootUsingWedDI:0.0.1-SNAPSHOT @ C:\Users\pankaj\Desktop\BikkadIT__06 Java Development\SpringBoot WorkSpace\SpringBootUsingWebDI\pom.xml.
????-??-?? ??:??:??,??? [Worker-6: Updating Maven Project] INFO  o.e.m.j.i.AbstractJavaProjectConfigurator - Adding source folder /Autowirringmodes/src/main/java
????-??-?? ??:??:??,??? [Worker-6: Updating Maven Project] INFO  o.e.m.j.i.AbstractJavaProjectConfigurator - Adding resource folder /Autowirringmodes/src/main/resources
????-??-?? ??:??:??,??? [Worker-6: Updating Maven Project] INFO  o.e.m.j.i.AbstractJavaProjectConfigurator - Adding resource folder /Autowirringmodes/src/main/resources
????-??-?? ??:??:??,??? [Worker-6: Updating Maven Project] INFO  o.e.m.j.i.AbstractJavaProjectConfigurator - Adding source folder /Autowirringmodes/src/test/java
????-??-?? ??:??:??,??? [Worker-6: Updating Maven Project] INFO  o.e.m.j.i.AbstractJavaProjectConfigurator - Adding source folder /AutowirringmodesByType/src/main/java
????-??-?? ??:??:??,??? [Worker-6: Updating Maven Project] INFO  o.e.m.j.i.AbstractJavaProjectConfigurator - Adding resource folder /AutowirringmodesByType/src/main/resources
????-??-?? ??:??:??,??? [Worker-6: Updating Maven Project] INFO  o.e.m.j.i.AbstractJavaProjectConfigurator - Adding resource folder /AutowirringmodesByType/src/main/resources
????-??-?? ??:??:??,??? [Worker-6: Updating Maven Project] INFO  o.e.m.j.i.AbstractJavaProjectConfigurator - Adding source folder /AutowirringmodesByType/src/test/java
????-??-?? ??:??:??,??? [Worker-6: Updating Maven Project] INFO  o.e.m.j.i.AbstractJavaProjectConfigurator - Adding source folder /AutowritingDemo/src/main/java
????-??-?? ??:??:??,??? [Worker-6: Updating Maven Project] INFO  o.e.m.j.i.AbstractJavaProjectConfigurator - Adding resource folder /AutowritingDemo/src/main/resources
????-??-?? ??:??:??,??? [Worker-6: Updating Maven Project] INFO  o.e.m.j.i.AbstractJavaProjectConfigurator - Adding resource folder /AutowritingDemo/src/main/resources
????-??-?? ??:??:??,??? [Worker-6: Updating Maven Project] INFO  o.e.m.j.i.AbstractJavaProjectConfigurator - Adding source folder /AutowritingDemo/src/test/java
????-??-?? ??:??:??,??? [Worker-6: Updating Maven Project] INFO  o.e.m.j.i.AbstractJavaProjectConfigurator - Adding source folder /AutowritingDI/src/main/java
????-??-?? ??:??:??,??? [Worker-6: Updating Maven Project] INFO  o.e.m.j.i.AbstractJavaProjectConfigurator - Adding resource folder /AutowritingDI/src/main/resources
????-??-?? ??:??:??,??? [Worker-6: Updating Maven Project] INFO  o.e.m.j.i.AbstractJavaProjectConfigurator - Adding resource folder /AutowritingDI/src/main/resources
????-??-?? ??:??:??,??? [Worker-6: Updating Maven Project] INFO  o.e.m.j.i.AbstractJavaProjectConfigurator - Adding source folder /AutowritingDI/src/test/java
????-??-?? ??:??:??,??? [Worker-6: Updating Maven Project] INFO  o.e.m.j.i.AbstractJavaProjectConfigurator - Adding source folder /SpringBootAppDemo1/src/main/java
????-??-?? ??:??:??,??? [Worker-6: Updating Maven Project] INFO  o.e.m.j.i.AbstractJavaProjectConfigurator - Adding resource folder /SpringBootAppDemo1/src/main/resources
????-??-?? ??:??:??,??? [Worker-6: Updating Maven Project] INFO  o.e.m.j.i.AbstractJavaProjectConfigurator - Adding resource folder /SpringBootAppDemo1/src/main/resources
????-??-?? ??:??:??,??? [Worker-6: Updating Maven Project] INFO  o.e.m.j.i.AbstractJavaProjectConfigurator - Adding source folder /SpringBootAppDemo1/src/test/java
????-??-?? ??:??:??,??? [Worker-6: Updating Maven Project] INFO  o.e.m.j.i.AbstractJavaProjectConfigurator - Adding source folder /springbootBeans/src/main/java
????-??-?? ??:??:??,??? [Worker-6: Updating Maven Project] INFO  o.e.m.j.i.AbstractJavaProjectConfigurator - Adding resource folder /springbootBeans/src/main/resources
????-??-?? ??:??:??,??? [Worker-6: Updating Maven Project] INFO  o.e.m.j.i.AbstractJavaProjectConfigurator - Adding resource folder /springbootBeans/src/main/resources
????-??-?? ??:??:??,??? [Worker-6: Updating Maven Project] INFO  o.e.m.j.i.AbstractJavaProjectConfigurator - Adding source folder /springbootBeans/src/test/java
????-??-?? ??:??:??,??? [Worker-6: Updating Maven Project] INFO  o.e.m.j.i.AbstractJavaProjectConfigurator - Adding source folder /springbootBeans1/src/main/java
????-??-?? ??:??:??,??? [Worker-6: Updating Maven Project] INFO  o.e.m.j.i.AbstractJavaProjectConfigurator - Adding resource folder /springbootBeans1/src/main/resources
????-??-?? ??:??:??,??? [Worker-6: Updating Maven Project] INFO  o.e.m.j.i.AbstractJavaProjectConfigurator - Adding resource folder /springbootBeans1/src/main/resources
????-??-?? ??:??:??,??? [Worker-6: Updating Maven Project] INFO  o.e.m.j.i.AbstractJavaProjectConfigurator - Adding source folder /springbootBeans1/src/test/java
????-??-?? ??:??:??,??? [Worker-6: Updating Maven Project] INFO  o.e.m.j.i.AbstractJavaProjectConfigurator - Adding source folder /SpringBootFirstAppUsingWeb/src/main/java
????-??-?? ??:??:??,??? [Worker-6: Updating Maven Project] INFO  o.e.m.j.i.AbstractJavaProjectConfigurator - Adding resource folder /SpringBootFirstAppUsingWeb/src/main/resources
????-??-?? ??:??:??,??? [Worker-6: Updating Maven Project] INFO  o.e.m.j.i.AbstractJavaProjectConfigurator - Adding resource folder /SpringBootFirstAppUsingWeb/src/main/resources
????-??-?? ??:??:??,??? [Worker-6: Updating Maven Project] INFO  o.e.m.j.i.AbstractJavaProjectConfigurator - Adding source folder /SpringBootFirstAppUsingWeb/src/test/java
????-??-?? ??:??:??,??? [Worker-6: Updating Maven Project] INFO  o.e.m.j.i.AbstractJavaProjectConfigurator - Adding source folder /SpringBootFourthAppUsingWeb/src/main/java
????-??-?? ??:??:??,??? [Worker-6: Updating Maven Project] INFO  o.e.m.j.i.AbstractJavaProjectConfigurator - Adding resource folder /SpringBootFourthAppUsingWeb/src/main/resources
????-??-?? ??:??:??,??? [Worker-6: Updating Maven Project] INFO  o.e.m.j.i.AbstractJavaProjectConfigurator - Adding resource folder /SpringBootFourthAppUsingWeb/src/main/resources
????-??-?? ??:??:??,??? [Worker-6: Updating Maven Project] INFO  o.e.m.j.i.AbstractJavaProjectConfigurator - Adding source folder /SpringBootFourthAppUsingWeb/src/test/java
????-??-?? ??:??:??,??? [Worker-6: Updating Maven Project] INFO  o.e.m.j.i.AbstractJavaProjectConfigurator - Adding source folder /SpringBootSecondAppUsingWeb/src/main/java
????-??-?? ??:??:??,??? [Worker-6: Updating Maven Project] INFO  o.e.m.j.i.AbstractJavaProjectConfigurator - Adding resource folder /SpringBootSecondAppUsingWeb/src/main/resources
????-??-?? ??:??:??,??? [Worker-6: Updating Maven Project] INFO  o.e.m.j.i.AbstractJavaProjectConfigurator - Adding resource folder /SpringBootSecondAppUsingWeb/src/main/resources
????-??-?? ??:??:??,??? [Worker-6: Updating Maven Project] INFO  o.e.m.j.i.AbstractJavaProjectConfigurator - Adding source folder /SpringBootSecondAppUsingWeb/src/test/java
????-??-?? ??:??:??,??? [Worker-6: Updating Maven Project] INFO  o.e.m.j.i.AbstractJavaProjectConfigurator - Adding source folder /SpringBootThirdAppUsingWeb/src/main/java
????-??-?? ??:??:??,??? [Worker-6: Updating Maven Project] INFO  o.e.m.j.i.AbstractJavaProjectConfigurator - Adding resource folder /SpringBootThirdAppUsingWeb/src/main/resources
????-??-?? ??:??:??,??? [Worker-6: Updating Maven Project] INFO  o.e.m.j.i.AbstractJavaProjectConfigurator - Adding resource folder /SpringBootThirdAppUsingWeb/src/main/resources
????-??-?? ??:??:??,??? [Worker-6: Updating Maven Project] INFO  o.e.m.j.i.AbstractJavaProjectConfigurator - Adding source folder /SpringBootThirdAppUsingWeb/src/test/java
????-??-?? ??:??:??,??? [Worker-6: Updating Maven Project] INFO  o.e.m.j.i.AbstractJavaProjectConfigurator - Adding source folder /SpringBootUsingWedDI/src/main/java
????-??-?? ??:??:??,??? [Worker-6: Updating Maven Project] INFO  o.e.m.j.i.AbstractJavaProjectConfigurator - Adding resource folder /SpringBootUsingWedDI/src/main/resources
????-??-?? ??:??:??,??? [Worker-6: Updating Maven Project] INFO  o.e.m.j.i.AbstractJavaProjectConfigurator - Adding resource folder /SpringBootUsingWedDI/src/main/resources
????-??-?? ??:??:??,??? [Worker-6: Updating Maven Project] INFO  o.e.m.j.i.AbstractJavaProjectConfigurator - Adding source folder /SpringBootUsingWedDI/src/test/java
????-??-?? ??:??:??,??? [Worker-6: Updating Maven Project] INFO  o.e.m.c.i.p.ProjectConfigurationManager - Update completed for 12 poms: local refresh takes ?.?? sec, refresh facades takes ??.?? sec, update config takes ??.?? sec 
????-??-?? ??:??:??,??? [Worker-5: Updating Maven Project] INFO  o.e.m.c.i.p.ProjectConfigurationManager - Update started
????-??-?? ??:??:??,??? [Worker-5: Updating Maven Project] INFO  o.e.m.c.i.l.LifecycleMappingFactory - Using org.eclipse.m2e.jdt.JarLifecycleMapping lifecycle mapping for MavenProject: com.BikkadIT:Autowirringmodes:0.0.1-SNAPSHOT @ C:\Users\pankaj\Desktop\BikkadIT__06 Java Development\SpringBoot WorkSpace\Autowirringmodes\pom.xml.
????-??-?? ??:??:??,??? [Worker-5: Updating Maven Project] INFO  o.e.m.c.i.l.LifecycleMappingFactory - Using org.eclipse.m2e.jdt.JarLifecycleMapping lifecycle mapping for MavenProject: com.BikkadIT:AutowirringmodesByType:0.0.1-SNAPSHOT @ C:\Users\pankaj\Desktop\BikkadIT__06 Java Development\SpringBoot WorkSpace\AutowirringmodesByType\pom.xml.
????-??-?? ??:??:??,??? [Worker-5: Updating Maven Project] INFO  o.e.m.c.i.l.LifecycleMappingFactory - Using org.eclipse.m2e.jdt.JarLifecycleMapping lifecycle mapping for MavenProject: com.BikkadIT:AutowritingDemo:0.0.1-SNAPSHOT @ C:\Users\pankaj\Desktop\BikkadIT__06 Java Development\SpringBoot WorkSpace\AutowritingDemo\pom.xml.
????-??-?? ??:??:??,??? [Worker-5: Updating Maven Project] INFO  o.e.m.c.i.l.LifecycleMappingFactory - Using org.eclipse.m2e.jdt.JarLifecycleMapping lifecycle mapping for MavenProject: com.BikkadIT:AutowritingDI:0.0.1-SNAPSHOT @ C:\Users\pankaj\Desktop\BikkadIT__06 Java Development\SpringBoot WorkSpace\AutowritingDI\pom.xml.
????-??-?? ??:??:??,??? [Worker-5: Updating Maven Project] INFO  o.e.m.c.i.l.LifecycleMappingFactory - Using org.eclipse.m2e.jdt.JarLifecycleMapping lifecycle mapping for MavenProject: com.BikkadIT.DI:SpringBootAppDemo1:0.0.1-SNAPSHOT @ C:\Users\pankaj\Desktop\BikkadIT__06 Java Development\SpringBoot WorkSpace\SpringBootAppDemo1\pom.xml.
????-??-?? ??:??:??,??? [Worker-5: Updating Maven Project] INFO  o.e.m.c.i.l.LifecycleMappingFactory - Using org.eclipse.m2e.jdt.JarLifecycleMapping lifecycle mapping for MavenProject: com.BikkadIT:springbootBeans:0.0.1-SNAPSHOT @ C:\Users\pankaj\Desktop\BikkadIT__06 Java Development\SpringBoot WorkSpace\springbootBeans\pom.xml.
????-??-?? ??:??:??,??? [Worker-5: Updating Maven Project] INFO  o.e.m.c.i.l.LifecycleMappingFactory - Using org.eclipse.m2e.jdt.JarLifecycleMapping lifecycle mapping for MavenProject: com.BikkadIT:springbootBeans1:0.0.1-SNAPSHOT @ C:\Users\pankaj\Desktop\BikkadIT__06 Java Development\SpringBoot WorkSpace\springbootBeans1\pom.xml.
????-??-?? ??:??:??,??? [Worker-5: Updating Maven Project] INFO  o.e.m.c.i.l.LifecycleMappingFactory - Using org.eclipse.m2e.jdt.JarLifecycleMapping lifecycle mapping for MavenProject: com.BikkadIT:SpringBootFirstAppUsingWeb:0.0.1-SNAPSHOT @ C:\Users\pankaj\Desktop\BikkadIT__06 Java Development\SpringBoot WorkSpace\SpringBootFirstAppUsingWeb\pom.xml.
????-??-?? ??:??:??,??? [Worker-5: Updating Maven Project] INFO  o.e.m.c.i.l.LifecycleMappingFactory - Using org.eclipse.m2e.jdt.JarLifecycleMapping lifecycle mapping for MavenProject: com.BikkasdIT:SpringBootFourthAppUsingWeb:0.0.1-SNAPSHOT @ C:\Users\pankaj\Desktop\BikkadIT__06 Java Development\SpringBoot WorkSpace\SpringBootFourthAppUsingWeb\pom.xml.
????-??-?? ??:??:??,??? [Worker-5: Updating Maven Project] INFO  o.e.m.c.i.l.LifecycleMappingFactory - Using org.eclipse.m2e.jdt.JarLifecycleMapping lifecycle mapping for MavenProject: com.BikkadIT:SpringBootSecondAppUsingWeb:0.0.1-SNAPSHOT @ C:\Users\pankaj\Desktop\BikkadIT__06 Java Development\SpringBoot WorkSpace\SpringBootSecondAppUsingWeb\pom.xml.
????-??-?? ??:??:??,??? [Worker-5: Updating Maven Project] INFO  o.e.m.c.i.l.LifecycleMappingFactory - Using org.eclipse.m2e.jdt.JarLifecycleMapping lifecycle mapping for MavenProject: com.BikkadIT:SpringBootThirdAppUsingWeb:0.0.1-SNAPSHOT @ C:\Users\pankaj\Desktop\BikkadIT__06 Java Development\SpringBoot WorkSpace\SpringBootThirdAppUsingWeb\pom.xml.
????-??-?? ??:??:??,??? [Worker-5: Updating Maven Project] INFO  o.e.m.c.i.l.LifecycleMappingFactory - Using org.eclipse.m2e.jdt.JarLifecycleMapping lifecycle mapping for MavenProject: com.BikkadiT.DI:SpringBootUsingWedDI:0.0.1-SNAPSHOT @ C:\Users\pankaj\Desktop\BikkadIT__06 Java Development\SpringBoot WorkSpace\SpringBootUsingWebDI\pom.xml.
????-??-?? ??:??:??,??? [Worker-5: Updating Maven Project] INFO  o.e.m.j.i.AbstractJavaProjectConfigurator - Adding source folder /Autowirringmodes/src/main/java
????-??-?? ??:??:??,??? [Worker-5: Updating Maven Project] INFO  o.e.m.j.i.AbstractJavaProjectConfigurator - Adding resource folder /Autowirringmodes/src/main/resources
????-??-?? ??:??:??,??? [Worker-5: Updating Maven Project] INFO  o.e.m.j.i.AbstractJavaProjectConfigurator - Adding resource folder /Autowirringmodes/src/main/resources
????-??-?? ??:??:??,??? [Worker-5: Updating Maven Project] INFO  o.e.m.j.i.AbstractJavaProjectConfigurator - Adding source folder /Autowirringmodes/src/test/java
????-??-?? ??:??:??,??? [Worker-5: Updating Maven Project] INFO  o.e.m.j.i.AbstractJavaProjectConfigurator - Adding source folder /AutowirringmodesByType/src/main/java
????-??-?? ??:??:??,??? [Worker-5: Updating Maven Project] INFO  o.e.m.j.i.AbstractJavaProjectConfigurator - Adding resource folder /AutowirringmodesByType/src/main/resources
????-??-?? ??:??:??,??? [Worker-5: Updating Maven Project] INFO  o.e.m.j.i.AbstractJavaProjectConfigurator - Adding resource folder /AutowirringmodesByType/src/main/resources
????-??-?? ??:??:??,??? [Worker-5: Updating Maven Project] INFO  o.e.m.j.i.AbstractJavaProjectConfigurator - Adding source folder /AutowirringmodesByType/src/test/java
????-??-?? ??:??:??,??? [Worker-5: Updating Maven Project] INFO  o.e.m.j.i.AbstractJavaProjectConfigurator - Adding source folder /AutowritingDemo/src/main/java
????-??-?? ??:??:??,??? [Worker-5: Updating Maven Project] INFO  o.e.m.j.i.AbstractJavaProjectConfigurator - Adding resource folder /AutowritingDemo/src/main/resources
????-??-?? ??:??:??,??? [Worker-5: Updating Maven Project] INFO  o.e.m.j.i.AbstractJavaProjectConfigurator - Adding resource folder /AutowritingDemo/src/main/resources
????-??-?? ??:??:??,??? [Worker-5: Updating Maven Project] INFO  o.e.m.j.i.AbstractJavaProjectConfigurator - Adding source folder /AutowritingDemo/src/test/java
????-??-?? ??:??:??,??? [Worker-5: Updating Maven Project] INFO  o.e.m.j.i.AbstractJavaProjectConfigurator - Adding source folder /AutowritingDI/src/main/java
????-??-?? ??:??:??,??? [Worker-5: Updating Maven Project] INFO  o.e.m.j.i.AbstractJavaProjectConfigurator - Adding resource folder /AutowritingDI/src/main/resources
????-??-?? ??:??:??,??? [Worker-5: Updating Maven Project] INFO  o.e.m.j.i.AbstractJavaProjectConfigurator - Adding resource folder /AutowritingDI/src/main/resources
????-??-?? ??:??:??,??? [Worker-5: Updating Maven Project] INFO  o.e.m.j.i.AbstractJavaProjectConfigurator - Adding source folder /AutowritingDI/src/test/java
????-??-?? ??:??:??,??? [Worker-5: Updating Maven Project] INFO  o.e.m.j.i.AbstractJavaProjectConfigurator - Adding source folder /SpringBootAppDemo1/src/main/java
????-??-?? ??:??:??,??? [Worker-5: Updating Maven Project] INFO  o.e.m.j.i.AbstractJavaProjectConfigurator - Adding resource folder /SpringBootAppDemo1/src/main/resources
????-??-?? ??:??:??,??? [Worker-5: Updating Maven Project] INFO  o.e.m.j.i.AbstractJavaProjectConfigurator - Adding resource folder /SpringBootAppDemo1/src/main/resources
????-??-?? ??:??:??,??? [Worker-5: Updating Maven Project] INFO  o.e.m.j.i.AbstractJavaProjectConfigurator - Adding source folder /SpringBootAppDemo1/src/test/java
????-??-?? ??:??:??,??? [Worker-5: Updating Maven Project] INFO  o.e.m.j.i.AbstractJavaProjectConfigurator - Adding source folder /springbootBeans/src/main/java
????-??-?? ??:??:??,??? [Worker-5: Updating Maven Project] INFO  o.e.m.j.i.AbstractJavaProjectConfigurator - Adding resource folder /springbootBeans/src/main/resources
????-??-?? ??:??:??,??? [Worker-5: Updating Maven Project] INFO  o.e.m.j.i.AbstractJavaProjectConfigurator - Adding resource folder /springbootBeans/src/main/resources
????-??-?? ??:??:??,??? [Worker-5: Updating Maven Project] INFO  o.e.m.j.i.AbstractJavaProjectConfigurator - Adding source folder /springbootBeans/src/test/java
????-??-?? ??:??:??,??? [Worker-5: Updating Maven Project] INFO  o.e.m.j.i.AbstractJavaProjectConfigurator - Adding source folder /springbootBeans1/src/main/java
????-??-?? ??:??:??,??? [Worker-5: Updating Maven Project] INFO  o.e.m.j.i.AbstractJavaProjectConfigurator - Adding resource folder /springbootBeans1/src/main/resources
????-??-?? ??:??:??,??? [Worker-5: Updating Maven Project] INFO  o.e.m.j.i.AbstractJavaProjectConfigurator - Adding resource folder /springbootBeans1/src/main/resources
????-??-?? ??:??:??,??? [Worker-5: Updating Maven Project] INFO  o.e.m.j.i.AbstractJavaProjectConfigurator - Adding source folder /springbootBeans1/src/test/java
????-??-?? ??:??:??,??? [Worker-5: Updating Maven Project] INFO  o.e.m.j.i.AbstractJavaProjectConfigurator - Adding source folder /SpringBootFirstAppUsingWeb/src/main/java
????-??-?? ??:??:??,??? [Worker-5: Updating Maven Project] INFO  o.e.m.j.i.AbstractJavaProjectConfigurator - Adding resource folder /SpringBootFirstAppUsingWeb/src/main/resources
????-??-?? ??:??:??,??? [Worker-5: Updating Maven Project] INFO  o.e.m.j.i.AbstractJavaProjectConfigurator - Adding resource folder /SpringBootFirstAppUsingWeb/src/main/resources
????-??-?? ??:??:??,??? [Worker-5: Updating Maven Project] INFO  o.e.m.j.i.AbstractJavaProjectConfigurator - Adding source folder /SpringBootFirstAppUsingWeb/src/test/java
????-??-?? ??:??:??,??? [Worker-5: Updating Maven Project] INFO  o.e.m.j.i.AbstractJavaProjectConfigurator - Adding source folder /SpringBootFourthAppUsingWeb/src/main/java
????-??-?? ??:??:??,??? [Worker-5: Updating Maven Project] INFO  o.e.m.j.i.AbstractJavaProjectConfigurator - Adding resource folder /SpringBootFourthAppUsingWeb/src/main/resources
????-??-?? ??:??:??,??? [Worker-5: Updating Maven Project] INFO  o.e.m.j.i.AbstractJavaProjectConfigurator - Adding resource folder /SpringBootFourthAppUsingWeb/src/main/resources
????-??-?? ??:??:??,??? [Worker-5: Updating Maven Project] INFO  o.e.m.j.i.AbstractJavaProjectConfigurator - Adding source folder /SpringBootFourthAppUsingWeb/src/test/java
????-??-?? ??:??:??,??? [Worker-5: Updating Maven Project] INFO  o.e.m.j.i.AbstractJavaProjectConfigurator - Adding source folder /SpringBootSecondAppUsingWeb/src/main/java
????-??-?? ??:??:??,??? [Worker-5: Updating Maven Project] INFO  o.e.m.j.i.AbstractJavaProjectConfigurator - Adding resource folder /SpringBootSecondAppUsingWeb/src/main/resources
????-??-?? ??:??:??,??? [Worker-5: Updating Maven Project] INFO  o.e.m.j.i.AbstractJavaProjectConfigurator - Adding resource folder /SpringBootSecondAppUsingWeb/src/main/resources
????-??-?? ??:??:??,??? [Worker-5: Updating Maven Project] INFO  o.e.m.j.i.AbstractJavaProjectConfigurator - Adding source folder /SpringBootSecondAppUsingWeb/src/test/java
????-??-?? ??:??:??,??? [Worker-5: Updating Maven Project] INFO  o.e.m.j.i.AbstractJavaProjectConfigurator - Adding source folder /SpringBootThirdAppUsingWeb/src/main/java
????-??-?? ??:??:??,??? [Worker-5: Updating Maven Project] INFO  o.e.m.j.i.AbstractJavaProjectConfigurator - Adding resource folder /SpringBootThirdAppUsingWeb/src/main/resources
????-??-?? ??:??:??,??? [Worker-5: Updating Maven Project] INFO  o.e.m.j.i.AbstractJavaProjectConfigurator - Adding resource folder /SpringBootThirdAppUsingWeb/src/main/resources
????-??-?? ??:??:??,??? [Worker-5: Updating Maven Project] INFO  o.e.m.j.i.AbstractJavaProjectConfigurator - Adding source folder /SpringBootThirdAppUsingWeb/src/test/java
????-??-?? ??:??:??,??? [Worker-5: Updating Maven Project] INFO  o.e.m.j.i.AbstractJavaProjectConfigurator - Adding source folder /SpringBootUsingWedDI/src/main/java
????-??-?? ??:??:??,??? [Worker-5: Updating Maven Project] INFO  o.e.m.j.i.AbstractJavaProjectConfigurator - Adding resource folder /SpringBootUsingWedDI/src/main/resources
????-??-?? ??:??:??,??? [Worker-5: Updating Maven Project] INFO  o.e.m.j.i.AbstractJavaProjectConfigurator - Adding resource folder /SpringBootUsingWedDI/src/main/resources
????-??-?? ??:??:??,??? [Worker-5: Updating Maven Project] INFO  o.e.m.j.i.AbstractJavaProjectConfigurator - Adding source folder /SpringBootUsingWedDI/src/test/java
????-??-?? ??:??:??,??? [Worker-5: Updating Maven Project] INFO  o.e.m.c.i.p.ProjectConfigurationManager - Update completed for 12 poms: local refresh takes ?.?? sec, refresh facades takes ??.?? sec, update config takes ??.?? sec 
